#
# There is insufficient memory for the Java Runtime Environment to continue.
# Native memory allocation (mmap) failed to map 266338304 bytes for Failed to commit area from 0x0000000702400000 to 0x0000000712200000 of length 266338304.
# Possible reasons:
#   The system is out of physical RAM or swap space
#   The process is running with CompressedOops enabled, and the Java Heap may be blocking the growth of the native heap
# Possible solutions:
#   Reduce memory load on the system
#   Increase physical memory or swap space
#   Check if swap backing store is full
#   Decrease Java heap size (-Xmx/-Xms)
#   Decrease number of Java threads
#   Decrease Java thread stack sizes (-Xss)
#   Set larger code cache with -XX:ReservedCodeCacheSize=
# This output file may be truncated or incomplete.
#
#  Out of Memory Error (./src/hotspot/os/windows/os_windows.cpp:3303), pid=25348, tid=23280
#
# JRE version:  (11.0.9+11) (build )
# Java VM: OpenJDK 64-Bit Server VM (11.0.9+11-b1145.21, mixed mode, sharing, tiered, compressed oops, g1 gc, windows-amd64)
# No core dump will be written. Minidumps are not enabled by default on client versions of Windows
#

---------------  S U M M A R Y ------------

Command Line: org.jetbrains.git4idea.http.GitAskPassApp Username for 'http://git.techsure.cn:7070': 

Host: Intel(R) Core(TM) i7-8550U CPU @ 1.80GHz, 8 cores, 15G,  Windows 10 , 64 bit Build 18362 (10.0.18362.1110)
Time: Tue Jan  5 16:47:33 2021 ?D1¨²¡À¨º¡Á?¨º¡À?? elapsed time: 0.208362 seconds (0d 0h 0m 0s)

---------------  T H R E A D  ---------------

Current thread (0x0000020d744b7800):  JavaThread "Unknown thread" [_thread_in_vm, id=23280, stack(0x0000007554f00000,0x0000007555000000)]

Stack: [0x0000007554f00000,0x0000007555000000]
Native frames: (J=compiled Java code, j=interpreted, Vv=VM code, C=native code)
V  [jvm.dll+0x5ed3ca]
V  [jvm.dll+0x722725]
V  [jvm.dll+0x723c7d]
V  [jvm.dll+0x724333]
V  [jvm.dll+0x242bd8]
V  [jvm.dll+0x5ea884]
V  [jvm.dll+0x5df995]
V  [jvm.dll+0x2fe13b]
V  [jvm.dll+0x2fe0aa]
V  [jvm.dll+0x2fdf82]
V  [jvm.dll+0x302e56]
V  [jvm.dll+0x34b583]
V  [jvm.dll+0x34bc86]
V  [jvm.dll+0x34b683]
V  [jvm.dll+0x2d8df8]
V  [jvm.dll+0x2d9f97]
V  [jvm.dll+0x701517]
V  [jvm.dll+0x702d0c]
V  [jvm.dll+0x358b39]
V  [jvm.dll+0x6e4f9e]
V  [jvm.dll+0x3c0db3]
V  [jvm.dll+0x3c2f61]
C  [jli.dll+0x5373]
C  [ucrtbase.dll+0x210b2]
C  [KERNEL32.DLL+0x17c24]
C  [ntdll.dll+0x6d4d1]


---------------  P R O C E S S  ---------------

Threads class SMR info:
_java_thread_list=0x0000020d72404ec0, length=0, elements={
}

Java Threads: ( => current thread )

Other Threads:
  0x0000020d744c9800 GCTaskThread "GC Thread#0" [stack: 0x0000007555000000,0x0000007555100000] [id=3552]
  0x0000020d7452a800 ConcurrentGCThread "G1 Main Marker" [stack: 0x0000007555100000,0x0000007555200000] [id=7992]
  0x0000020d7452e000 ConcurrentGCThread "G1 Conc#0" [stack: 0x0000007555200000,0x0000007555300000] [id=28736]

[error occurred during error reporting (printing all threads), id 0xc0000005, EXCEPTION_ACCESS_VIOLATION (0xc0000005) at pc=0x00007ffe69629397]

VM state:not at safepoint (not fully initialized)

VM Mutex/Monitor currently owned by a thread:  ([mutex/lock_event])
[0x0000020d744b6750] Heap_lock - owner thread: 0x0000020d744b7800

Heap address: 0x0000000702400000, size: 4060 MB, Compressed Oops mode: Non-zero based: 0x0000000702400000
Narrow klass base: 0x0000000000000000, Narrow klass shift: 0

GC Heap History (0 events):
No events

Deoptimization events (0 events):
No events

Classes redefined (0 events):
No events

Internal exceptions (0 events):
No events

Events (1 events):
Event: 0.040 Loaded shared library D:\software\IntelliJ IDEA 2020.3\jbr\bin\zip.dll


Dynamic libraries:
0x00007ff6fee50000 - 0x00007ff6fee5a000 	D:\software\IntelliJ IDEA 2020.3\jbr\bin\java.exe
0x00007ffeb3140000 - 0x00007ffeb3330000 	C:\WINDOWS\SYSTEM32\ntdll.dll
0x00007ffeb1500000 - 0x00007ffeb15b2000 	C:\WINDOWS\System32\KERNEL32.DLL
0x00007ffeb0d00000 - 0x00007ffeb0fa5000 	C:\WINDOWS\System32\KERNELBASE.dll
0x00007ffeb0840000 - 0x00007ffeb093a000 	C:\WINDOWS\System32\ucrtbase.dll
0x00007ffea2b80000 - 0x00007ffea2b99000 	D:\software\IntelliJ IDEA 2020.3\jbr\bin\jli.dll
0x00007ffeb2f60000 - 0x00007ffeb30f4000 	C:\WINDOWS\System32\USER32.dll
0x00007ffeb0b80000 - 0x00007ffeb0ba1000 	C:\WINDOWS\System32\win32u.dll
0x00007ffeb2bd0000 - 0x00007ffeb2bf6000 	C:\WINDOWS\System32\GDI32.dll
0x00007ffeb1050000 - 0x00007ffeb11e6000 	C:\WINDOWS\System32\gdi32full.dll
0x00007ffeb0fb0000 - 0x00007ffeb104e000 	C:\WINDOWS\System32\msvcp_win.dll
0x00007ffe970b0000 - 0x00007ffe970c7000 	D:\software\IntelliJ IDEA 2020.3\jbr\bin\VCRUNTIME140.dll
0x00007ffe93600000 - 0x00007ffe93884000 	C:\WINDOWS\WinSxS\amd64_microsoft.windows.common-controls_6595b64144ccf1df_6.0.18362.1256_none_9e7e379be45e40e2\COMCTL32.dll
0x00007ffeb2db0000 - 0x00007ffeb2e4e000 	C:\WINDOWS\System32\msvcrt.dll
0x00007ffeb2260000 - 0x00007ffeb2596000 	C:\WINDOWS\System32\combase.dll
0x00007ffeb1350000 - 0x00007ffeb1470000 	C:\WINDOWS\System32\RPCRT4.dll
0x00007ffeb0940000 - 0x00007ffeb09c1000 	C:\WINDOWS\System32\bcryptPrimitives.dll
0x00007ffeb28f0000 - 0x00007ffeb291e000 	C:\WINDOWS\System32\IMM32.DLL
0x00007ffe872a0000 - 0x00007ffe8733d000 	D:\software\IntelliJ IDEA 2020.3\jbr\bin\msvcp140.dll
0x00007ffe69340000 - 0x00007ffe69e0e000 	D:\software\IntelliJ IDEA 2020.3\jbr\bin\server\jvm.dll
0x00007ffeb2a60000 - 0x00007ffeb2b03000 	C:\WINDOWS\System32\ADVAPI32.dll
0x00007ffeb1ce0000 - 0x00007ffeb1d77000 	C:\WINDOWS\System32\sechost.dll
0x00007ffeb15c0000 - 0x00007ffeb15c8000 	C:\WINDOWS\System32\PSAPI.DLL
0x00007ffe933b0000 - 0x00007ffe933b9000 	C:\WINDOWS\SYSTEM32\WSOCK32.dll
0x00007ffea4190000 - 0x00007ffea41b4000 	C:\WINDOWS\SYSTEM32\WINMM.dll
0x00007ffeb29f0000 - 0x00007ffeb2a5f000 	C:\WINDOWS\System32\WS2_32.dll
0x00007ffeaf100000 - 0x00007ffeaf10a000 	C:\WINDOWS\SYSTEM32\VERSION.dll
0x00007ffea4150000 - 0x00007ffea417d000 	C:\WINDOWS\SYSTEM32\WINMMBASE.dll
0x00007ffeb0a60000 - 0x00007ffeb0aaa000 	C:\WINDOWS\System32\cfgmgr32.dll
0x00007ffeb0040000 - 0x00007ffeb0051000 	C:\WINDOWS\System32\kernel.appcore.dll
0x00007ffea4e50000 - 0x00007ffea4e61000 	D:\software\IntelliJ IDEA 2020.3\jbr\bin\verify.dll
0x00007ffeae540000 - 0x00007ffeae734000 	C:\WINDOWS\SYSTEM32\DBGHELP.DLL
0x00007ffe9ddf0000 - 0x00007ffe9de1a000 	C:\WINDOWS\SYSTEM32\dbgcore.DLL
0x00007ffea4cb0000 - 0x00007ffea4cd9000 	D:\software\IntelliJ IDEA 2020.3\jbr\bin\java.dll
0x00007ffea9820000 - 0x00007ffea982b000 	D:\software\IntelliJ IDEA 2020.3\jbr\bin\jimage.dll
0x00007ffea4320000 - 0x00007ffea4338000 	D:\software\IntelliJ IDEA 2020.3\jbr\bin\zip.dll

dbghelp: loaded successfully - version: 4.0.5 - missing functions: none
symbol engine: initialized successfully - sym options: 0x614 - pdb path: .;D:\software\IntelliJ IDEA 2020.3\jbr\bin;C:\WINDOWS\SYSTEM32;C:\WINDOWS\WinSxS\amd64_microsoft.windows.common-controls_6595b64144ccf1df_6.0.18362.1256_none_9e7e379be45e40e2;D:\software\IntelliJ IDEA 2020.3\jbr\bin\server

VM Arguments:
java_command: org.jetbrains.git4idea.http.GitAskPassApp Username for 'http://git.techsure.cn:7070': 
java_class_path (initial): D:/software/IntelliJ IDEA 2020.3/plugins/git4idea/lib/git4idea-rt.jar;D:/software/IntelliJ IDEA 2020.3/lib/xmlrpc-2.0.1.jar;D:/software/IntelliJ IDEA 2020.3/lib/commons-codec-1.14.jar
Launcher Type: SUN_STANDARD

[Global flags]
     intx CICompilerCount                          = 4                                         {product} {ergonomic}
     uint ConcGCThreads                            = 2                                         {product} {ergonomic}
     uint G1ConcRefinementThreads                  = 8                                         {product} {ergonomic}
   size_t G1HeapRegionSize                         = 1048576                                   {product} {ergonomic}
    uintx GCDrainStackTargetSize                   = 64                                        {product} {ergonomic}
   size_t InitialHeapSize                          = 266338304                                 {product} {ergonomic}
   size_t MarkStackSize                            = 4194304                                   {product} {ergonomic}
   size_t MaxHeapSize                              = 4257218560                                {product} {ergonomic}
   size_t MinHeapDeltaBytes                        = 1048576                                   {product} {ergonomic}
    uintx NonNMethodCodeHeapSize                   = 5836300                                {pd product} {ergonomic}
    uintx NonProfiledCodeHeapSize                  = 122910970                              {pd product} {ergonomic}
    uintx ProfiledCodeHeapSize                     = 122910970                              {pd product} {ergonomic}
    uintx ReservedCodeCacheSize                    = 251658240                              {pd product} {ergonomic}
     bool SegmentedCodeCache                       = true                                      {product} {ergonomic}
     bool UseCompressedClassPointers               = true                                 {lp64_product} {ergonomic}
     bool UseCompressedOops                        = true                                 {lp64_product} {ergonomic}
     bool UseG1GC                                  = true                                      {product} {ergonomic}
     bool UseLargePagesIndividualAllocation        = false                                  {pd product} {ergonomic}

Logging:
Log output configuration:
 #0: stdout all=warning uptime,level,tags
 #1: stderr all=off uptime,level,tags

Environment Variables:
JAVA_HOME=D:\Program Files\Java\jdk1.8.0_111
PATH=D:\Program Files\Git\mingw64\libexec\git-core;D:\Program Files\Git\mingw64\libexec\git-core;D:\Program Files\Git\mingw64\bin;D:\Program Files\Git\usr\bin;C:\Users\89770\bin;D:\software\ftp;D:\Program Files (x86)\NetSarang\Xshell 6;C:\ProgramData\Oracle\Java\javapath;C:\Program Files (x86)\Intel\iCLS Client;C:\Program Files\Intel\iCLS Client;C:\WINDOWS\system32;C:\WINDOWS;C:\WINDOWS\System32\Wbem;C:\WINDOWS\System32\WindowsPowerShell\v1.0;C:\Program Files (x86)\Intel\Intel(R) Management Engine Components\DAL;C:\Program Files\Intel\Intel(R) Management Engine Components\DAL;C:\Program Files (x86)\Intel\Intel(R) Management Engine Components\IPT;C:\Program Files\Intel\Intel(R) Management Engine Components\IPT;D:\Program Files\Git\cmd;C:\WINDOWS\System32\OpenSSH;D:\software\apache-maven-3.6.0\bin;C:\Program Files\Intel\WiFi\bin;C:\Program Files\Common Files\Intel\WirelessCommon;.;D:\Program Files\Java\jdk1.8.0_111\lib;D:\node\node-global;D:\node;C:\ProgramData\chocolatey\bin;C:\VPN\bin;D:\software\mysql-5.7.28-winx64\bin;C:\Users\89770\AppData\Local\Microsoft\WindowsApps;D:\software\Microsoft VS Code\bin;C:\Users\89770\AppData\Roaming\npm
USERNAME=89770
DISPLAY=:0.0
LC_ALL=en_US.UTF-8
OS=Windows_NT
PROCESSOR_IDENTIFIER=Intel64 Family 6 Model 142 Stepping 10, GenuineIntel



---------------  S Y S T E M  ---------------

OS: Windows 10 , 64 bit Build 18362 (10.0.18362.1110)
OS uptime: 15 days 7:09 hours

CPU:total 8 (initial active 8) (4 cores per cpu, 2 threads per core) family 6 model 142 stepping 10, cmov, cx8, fxsr, mmx, sse, sse2, sse3, ssse3, sse4.1, sse4.2, popcnt, avx, avx2, aes, clmul, erms, 3dnowpref, lzcnt, ht, tsc, tscinvbit, bmi1, bmi2, adx, fma

Memory: 4k page, system-wide physical 16237M (2783M free)
TotalPageFile size 23459M (AvailPageFile size 167M)
current process WorkingSet (physical memory assigned to process): 10M, peak: 10M
current process commit charge ("private bytes"): 60M, peak: 314M

vm_info: OpenJDK 64-Bit Server VM (11.0.9+11-b1145.21) for windows-amd64 JRE (11.0.9+11-b1145.21), built on Nov 21 2020 14:37:09 by "" with MS VC++ 14.0 (VS2015)

END.
